2026-04-28 19:46:32,890 INFO o.a.j.u.JMeterUtils: Setting Locale to en_EN
2026-04-28 19:46:32,900 INFO o.a.j.JMeter: Loading user properties from: /opt/jmeter/bin/user.properties
2026-04-28 19:46:32,901 INFO o.a.j.JMeter: Loading system properties from: /opt/jmeter/bin/system.properties
2026-04-28 19:46:32,905 INFO o.a.j.JMeter: Copyright (c) 1998-2024 The Apache Software Foundation
2026-04-28 19:46:32,905 INFO o.a.j.JMeter: Version 5.6.3
2026-04-28 19:46:32,905 INFO o.a.j.JMeter: java.version=26.0.2
2026-04-28 19:46:32,905 INFO o.a.j.JMeter: java.vm.name=OpenJDK 64-Bit Server VM
2026-04-28 19:46:32,905 INFO o.a.j.JMeter: os.name=Linux
2026-04-28 19:46:32,905 INFO o.a.j.JMeter: os.arch=amd64
2026-04-28 19:46:32,905 INFO o.a.j.JMeter: os.version=6.19.11-arch1-1
2026-04-28 19:46:32,905 INFO o.a.j.JMeter: file.encoding=UTF-8
2026-04-28 19:46:32,905 INFO o.a.j.JMeter: java.awt.headless=true
2026-04-28 19:46:32,905 INFO o.a.j.JMeter: Max memory     =1073741824
2026-04-28 19:46:32,905 INFO o.a.j.JMeter: Available Processors =8
2026-04-28 19:46:32,915 INFO o.a.j.JMeter: Default Locale=English (EN)
2026-04-28 19:46:32,915 INFO o.a.j.JMeter: JMeter  Locale=English (EN)
2026-04-28 19:46:32,915 INFO o.a.j.JMeter: JMeterHome=/opt/jmeter
2026-04-28 19:46:32,915 INFO o.a.j.JMeter: user.dir  =/home/vane/area/ui/progjut/tutorial/exercise-profiling
2026-04-28 19:46:32,915 INFO o.a.j.JMeter: PWD       =/home/vane/area/ui/progjut/tutorial/exercise-profiling
2026-04-28 19:46:32,916 INFO o.a.j.JMeter: IP: 127.0.1.1 Name: vane-latitude5520 FullName: vane-latitude5520
2026-04-28 19:46:32,923 INFO o.a.j.s.FileServer: Default base='/home/vane/area/ui/progjut/tutorial/exercise-profiling'
2026-04-28 19:46:32,924 INFO o.a.j.s.FileServer: Set new base='/home/vane/area/ui/progjut/tutorial/exercise-profiling'
2026-04-28 19:46:33,124 INFO o.a.j.s.SaveService: Testplan (JMX) version: 2.2. Testlog (JTL) version: 2.2
2026-04-28 19:46:33,140 INFO o.a.j.s.SaveService: Using SaveService properties version 5.0
2026-04-28 19:46:33,142 INFO o.a.j.s.SaveService: Using SaveService properties file encoding UTF-8
2026-04-28 19:46:33,144 INFO o.a.j.s.SaveService: Loading file: test_plan_3.jmx
2026-04-28 19:46:33,176 INFO o.a.j.p.h.s.HTTPSamplerBase: Parser for text/html is org.apache.jmeter.protocol.http.parser.LagartoBasedHtmlParser
2026-04-28 19:46:33,176 INFO o.a.j.p.h.s.HTTPSamplerBase: Parser for application/xhtml+xml is org.apache.jmeter.protocol.http.parser.LagartoBasedHtmlParser
2026-04-28 19:46:33,176 INFO o.a.j.p.h.s.HTTPSamplerBase: Parser for application/xml is org.apache.jmeter.protocol.http.parser.LagartoBasedHtmlParser
2026-04-28 19:46:33,176 INFO o.a.j.p.h.s.HTTPSamplerBase: Parser for text/xml is org.apache.jmeter.protocol.http.parser.LagartoBasedHtmlParser
2026-04-28 19:46:33,176 INFO o.a.j.p.h.s.HTTPSamplerBase: Parser for text/vnd.wap.wml is org.apache.jmeter.protocol.http.parser.RegexpHTMLParser
2026-04-28 19:46:33,176 INFO o.a.j.p.h.s.HTTPSamplerBase: Parser for text/css is org.apache.jmeter.protocol.http.parser.CssParser
2026-04-28 19:46:33,195 INFO o.a.j.JMeter: Creating summariser <summary>
2026-04-28 19:46:33,203 INFO o.a.j.e.StandardJMeterEngine: Running the test!
2026-04-28 19:46:33,203 INFO o.a.j.s.SampleEvent: List of sample_variables: []
2026-04-28 19:46:33,204 INFO o.a.j.s.SampleEvent: List of sample_variables: []
2026-04-28 19:46:33,208 INFO o.a.j.e.u.CompoundVariable: Note: Function class names must contain the string: '.functions.'
2026-04-28 19:46:33,208 INFO o.a.j.e.u.CompoundVariable: Note: Function class names must not contain the string: '.gui.'
2026-04-28 19:46:33,257 INFO o.a.j.JMeter: Running test (1777380393257)
2026-04-28 19:46:33,276 INFO o.a.j.e.StandardJMeterEngine: Starting ThreadGroup: 1 : Thread Group
2026-04-28 19:46:33,276 INFO o.a.j.e.StandardJMeterEngine: Starting 10 threads for group Thread Group.
2026-04-28 19:46:33,276 INFO o.a.j.e.StandardJMeterEngine: Thread will continue on error
2026-04-28 19:46:33,276 INFO o.a.j.t.ThreadGroup: Starting thread group... number=1 threads=10 ramp-up=1 delayedStart=false
2026-04-28 19:46:33,280 INFO o.a.j.t.JMeterThread: Thread started: Thread Group 1-1
2026-04-28 19:46:33,281 INFO o.a.j.t.ThreadGroup: Started thread group number 1
2026-04-28 19:46:33,281 INFO o.a.j.e.StandardJMeterEngine: All thread groups have been started
2026-04-28 19:46:33,289 INFO o.a.j.p.h.s.HTTPHCAbstractImpl: Local host = vane-latitude5520
2026-04-28 19:46:33,293 INFO o.a.j.p.h.s.HTTPHC4Impl: HTTP request retry count = 0
2026-04-28 19:46:33,294 INFO o.a.j.s.SampleResult: Note: Sample TimeStamps are START times
2026-04-28 19:46:33,294 INFO o.a.j.s.SampleResult: sampleresult.default.encoding is set to UTF-8
2026-04-28 19:46:33,294 INFO o.a.j.s.SampleResult: sampleresult.useNanoTime=true
2026-04-28 19:46:33,294 INFO o.a.j.s.SampleResult: sampleresult.nanoThreadSleep=5000
2026-04-28 19:46:33,378 INFO o.a.j.t.JMeterThread: Thread started: Thread Group 1-2
2026-04-28 19:46:33,378 INFO o.a.j.r.Summariser: summary +      1 in 00:00:00 =    8.3/s Avg:    48 Min:    48 Max:    48 Err:     0 (0.00%) Active: 1 Started: 1 Finished: 0
2026-04-28 19:46:33,379 INFO o.a.j.t.JMeterThread: Thread is done: Thread Group 1-1
2026-04-28 19:46:33,379 INFO o.a.j.t.JMeterThread: Thread finished: Thread Group 1-1
2026-04-28 19:46:33,409 INFO o.a.j.t.JMeterThread: Thread is done: Thread Group 1-2
2026-04-28 19:46:33,409 INFO o.a.j.t.JMeterThread: Thread finished: Thread Group 1-2
2026-04-28 19:46:33,478 INFO o.a.j.t.JMeterThread: Thread started: Thread Group 1-3
2026-04-28 19:46:33,520 INFO o.a.j.t.JMeterThread: Thread is done: Thread Group 1-3
2026-04-28 19:46:33,520 INFO o.a.j.t.JMeterThread: Thread finished: Thread Group 1-3
2026-04-28 19:46:33,577 INFO o.a.j.t.JMeterThread: Thread started: Thread Group 1-4
2026-04-28 19:46:33,612 INFO o.a.j.t.JMeterThread: Thread is done: Thread Group 1-4
2026-04-28 19:46:33,612 INFO o.a.j.t.JMeterThread: Thread finished: Thread Group 1-4
2026-04-28 19:46:33,677 INFO o.a.j.t.JMeterThread: Thread started: Thread Group 1-5
2026-04-28 19:46:33,718 INFO o.a.j.t.JMeterThread: Thread is done: Thread Group 1-5
2026-04-28 19:46:33,718 INFO o.a.j.t.JMeterThread: Thread finished: Thread Group 1-5
2026-04-28 19:46:33,777 INFO o.a.j.t.JMeterThread: Thread started: Thread Group 1-6
2026-04-28 19:46:33,815 INFO o.a.j.t.JMeterThread: Thread is done: Thread Group 1-6
2026-04-28 19:46:33,816 INFO o.a.j.t.JMeterThread: Thread finished: Thread Group 1-6
2026-04-28 19:46:33,877 INFO o.a.j.t.JMeterThread: Thread started: Thread Group 1-7
2026-04-28 19:46:33,919 INFO o.a.j.t.JMeterThread: Thread is done: Thread Group 1-7
2026-04-28 19:46:33,919 INFO o.a.j.t.JMeterThread: Thread finished: Thread Group 1-7
2026-04-28 19:46:33,977 INFO o.a.j.t.JMeterThread: Thread started: Thread Group 1-8
2026-04-28 19:46:34,014 INFO o.a.j.t.JMeterThread: Thread is done: Thread Group 1-8
2026-04-28 19:46:34,014 INFO o.a.j.t.JMeterThread: Thread finished: Thread Group 1-8
2026-04-28 19:46:34,077 INFO o.a.j.t.JMeterThread: Thread started: Thread Group 1-9
2026-04-28 19:46:34,128 INFO o.a.j.t.JMeterThread: Thread is done: Thread Group 1-9
2026-04-28 19:46:34,128 INFO o.a.j.t.JMeterThread: Thread finished: Thread Group 1-9
2026-04-28 19:46:34,177 INFO o.a.j.t.JMeterThread: Thread started: Thread Group 1-10
2026-04-28 19:46:34,215 INFO o.a.j.t.JMeterThread: Thread is done: Thread Group 1-10
2026-04-28 19:46:34,215 INFO o.a.j.t.JMeterThread: Thread finished: Thread Group 1-10
2026-04-28 19:46:34,215 INFO o.a.j.e.StandardJMeterEngine: Notifying test listeners of end of test
2026-04-28 19:46:34,216 INFO o.a.j.r.Summariser: summary +      9 in 00:00:01 =   10.7/s Avg:    37 Min:    30 Max:    48 Err:     0 (0.00%) Active: 0 Started: 10 Finished: 10
2026-04-28 19:46:34,216 INFO o.a.j.r.Summariser: summary =     10 in 00:00:01 =   10.4/s Avg:    38 Min:    30 Max:    48 Err:     0 (0.00%)
